<?xml version="1.0" encoding="UTF-8"?>
<!-- Generated by org.testng.reporters.JUnitReportReporter -->
<testsuite hostname="LAPTOP-SPUR031" failures="0" tests="1" name="core.TestRunner" time="9.461" errors="0" timestamp="2023-07-09T10:59:13 IST" skipped="0">
  <testcase classname="core.TestRunner" name="runScenario" time="9.461"/>
  <system-out/>
</testsuite> <!-- core.TestRunner -->
